<?xml version="1.0" encoding="UTF-8"?>
<!-- Generated by org.testng.reporters.JUnitReportReporter -->
<testsuite skipped="0" hostname="master" name="TestNG.addressbook" tests="1" failures="0" timestamp="13 Nov 2018 07:00:56 GMT" time="7.719" errors="0">
  <testcase name="verifyaddbook" time="7.719" classname="TestNG.addressbook"/>
</testsuite> <!-- TestNG.addressbook -->
